{"C:\\NodeProjects\\rnfront\\utils.js": {"path":"C:\\NodeProjects\\rnfront\\utils.js","statementMap":{"0":{"start":{"line":1,"column":13},"end":{"line":1,"column":75}},"1":{"start":{"line":1,"column":75},"end":{"line":1,"column":101}},"2":{"start":{"line":1,"column":116},"end":{"line":1,"column":150}},"3":{"start":{"line":1,"column":151},"end":{"line":1,"column":179}}},"fnMap":{},"branchMap":{},"s":{"0":2,"1":2,"2":2,"3":2},"f":{},"b":{},"inputSourceMap":null,"_coverageSchema":"1a1c01bbd47fc00a2c39e90264f33305004495a9","hash":"ec368243d5f839a3be59fbd82ce10bad05bc820c"}
,"C:\\NodeProjects\\rnfront\\public\\cardDiaStyle.js": {"path":"C:\\NodeProjects\\rnfront\\public\\cardDiaStyle.js","statementMap":{"0":{"start":{"line":1,"column":13},"end":{"line":1,"column":75}},"1":{"start":{"line":1,"column":75},"end":{"line":1,"column":100}},"2":{"start":{"line":1,"column":119},"end":{"line":1,"column":142}},"3":{"start":{"line":2,"column":0},"end":{"line":25,"column":22}},"4":{"start":{"line":25,"column":23},"end":{"line":25,"column":50}}},"fnMap":{},"branchMap":{},"s":{"0":1,"1":1,"2":1,"3":1,"4":1},"f":{},"b":{},"inputSourceMap":null,"_coverageSchema":"1a1c01bbd47fc00a2c39e90264f33305004495a9","hash":"dae54fc0e92e29f67026c25da42e1da2bfa0c2ef"}
,"C:\\NodeProjects\\rnfront\\public\\searchStyle.js": {"path":"C:\\NodeProjects\\rnfront\\public\\searchStyle.js","statementMap":{"0":{"start":{"line":1,"column":13},"end":{"line":1,"column":75}},"1":{"start":{"line":1,"column":75},"end":{"line":1,"column":100}},"2":{"start":{"line":1,"column":119},"end":{"line":1,"column":142}},"3":{"start":{"line":3,"column":0},"end":{"line":32,"column":16}},"4":{"start":{"line":32,"column":17},"end":{"line":32,"column":44}}},"fnMap":{},"branchMap":{},"s":{"0":1,"1":1,"2":1,"3":1,"4":1},"f":{},"b":{},"inputSourceMap":null,"_coverageSchema":"1a1c01bbd47fc00a2c39e90264f33305004495a9","hash":"11f887b1f1645979235a750f12aa0d75def6a8a7"}
,"C:\\NodeProjects\\rnfront\\screens\\CardDia.js": {"path":"C:\\NodeProjects\\rnfront\\screens\\CardDia.js","statementMap":{"0":{"start":{"line":1,"column":42},"end":{"line":1,"column":97}},"1":{"start":{"line":1,"column":98},"end":{"line":1,"column":160}},"2":{"start":{"line":1,"column":160},"end":{"line":1,"column":185}},"3":{"start":{"line":1,"column":198},"end":{"line":1,"column":238}},"4":{"start":{"line":2,"column":19},"end":{"line":2,"column":42}},"5":{"start":{"line":3,"column":24},"end":{"line":3,"column":53}},"6":{"start":{"line":4,"column":20},"end":{"line":4,"column":77}},"7":{"start":{"line":4,"column":90},"end":{"line":4,"column":94}},"8":{"start":{"line":4,"column":110},"end":{"line":4,"column":158}},"9":{"start":{"line":5,"column":14},"end":{"line":52,"column":1}},"10":{"start":{"line":6,"column":2},"end":{"line":49,"column":168}},"11":{"start":{"line":56,"column":0},"end":{"line":56,"column":7}},"12":{"start":{"line":56,"column":8},"end":{"line":56,"column":35}}},"fnMap":{"0":{"name":"CardDia","decl":{"start":{"line":5,"column":23},"end":{"line":5,"column":30}},"loc":{"start":{"line":5,"column":38},"end":{"line":52,"column":1}},"line":5}},"branchMap":{},"s":{"0":1,"1":1,"2":1,"3":1,"4":1,"5":1,"6":1,"7":1,"8":1,"9":1,"10":0,"11":1,"12":1},"f":{"0":0},"b":{},"inputSourceMap":null,"_coverageSchema":"1a1c01bbd47fc00a2c39e90264f33305004495a9","hash":"875ee124fe9557b8733b868177d5d978233a32ac"}
,"C:\\NodeProjects\\rnfront\\screens\\CityHome.js": {"path":"C:\\NodeProjects\\rnfront\\screens\\CityHome.js","statementMap":{"0":{"start":{"line":1,"column":42},"end":{"line":1,"column":97}},"1":{"start":{"line":1,"column":128},"end":{"line":1,"column":184}},"2":{"start":{"line":1,"column":185},"end":{"line":1,"column":247}},"3":{"start":{"line":1,"column":247},"end":{"line":1,"column":272}},"4":{"start":{"line":1,"column":291},"end":{"line":1,"column":352}},"5":{"start":{"line":1,"column":375},"end":{"line":1,"column":446}},"6":{"start":{"line":1,"column":460},"end":{"line":1,"column":501}},"7":{"start":{"line":2,"column":19},"end":{"line":2,"column":42}},"8":{"start":{"line":3,"column":24},"end":{"line":3,"column":53}},"9":{"start":{"line":4,"column":13},"end":{"line":4,"column":53}},"10":{"start":{"line":5,"column":15},"end":{"line":5,"column":59}},"11":{"start":{"line":6,"column":20},"end":{"line":6,"column":96}},"12":{"start":{"line":7,"column":13},"end":{"line":7,"column":32}},"13":{"start":{"line":7,"column":45},"end":{"line":7,"column":49}},"14":{"start":{"line":7,"column":65},"end":{"line":7,"column":114}},"15":{"start":{"line":9,"column":15},"end":{"line":67,"column":1}},"16":{"start":{"line":11,"column":2},"end":{"line":11,"column":26}},"17":{"start":{"line":11,"column":40},"end":{"line":11,"column":82}},"18":{"start":{"line":11,"column":92},"end":{"line":11,"column":105}},"19":{"start":{"line":11,"column":118},"end":{"line":11,"column":131}},"20":{"start":{"line":12,"column":2},"end":{"line":12,"column":28}},"21":{"start":{"line":12,"column":42},"end":{"line":12,"column":85}},"22":{"start":{"line":12,"column":96},"end":{"line":12,"column":109}},"23":{"start":{"line":12,"column":123},"end":{"line":12,"column":136}},"24":{"start":{"line":13,"column":2},"end":{"line":13,"column":56}},"25":{"start":{"line":13,"column":70},"end":{"line":13,"column":113}},"26":{"start":{"line":13,"column":122},"end":{"line":13,"column":135}},"27":{"start":{"line":13,"column":147},"end":{"line":13,"column":160}},"28":{"start":{"line":15,"column":2},"end":{"line":17,"column":27}},"29":{"start":{"line":16,"column":4},"end":{"line":16,"column":19}},"30":{"start":{"line":21,"column":21},"end":{"line":34,"column":132}},"31":{"start":{"line":21,"column":109},"end":{"line":34,"column":131}},"32":{"start":{"line":21,"column":177},"end":{"line":34,"column":96}},"33":{"start":{"line":21,"column":188},"end":{"line":34,"column":95}},"34":{"start":{"line":23,"column":12},"end":{"line":23,"column":51}},"35":{"start":{"line":23,"column":51},"end":{"line":23,"column":69}},"36":{"start":{"line":23,"column":69},"end":{"line":23,"column":87}},"37":{"start":{"line":23,"column":87},"end":{"line":26,"column":144}},"38":{"start":{"line":26,"column":151},"end":{"line":26,"column":184}},"39":{"start":{"line":26,"column":184},"end":{"line":26,"column":213}},"40":{"start":{"line":26,"column":213},"end":{"line":26,"column":231}},"41":{"start":{"line":26,"column":231},"end":{"line":27,"column":81}},"42":{"start":{"line":28,"column":12},"end":{"line":28,"column":28}},"43":{"start":{"line":29,"column":12},"end":{"line":29,"column":30}},"44":{"start":{"line":29,"column":30},"end":{"line":29,"column":49}},"45":{"start":{"line":29,"column":49},"end":{"line":29,"column":55}},"46":{"start":{"line":29,"column":63},"end":{"line":29,"column":82}},"47":{"start":{"line":29,"column":82},"end":{"line":29,"column":117}},"48":{"start":{"line":29,"column":117},"end":{"line":29,"column":136}},"49":{"start":{"line":29,"column":136},"end":{"line":31,"column":132}},"50":{"start":{"line":31,"column":140},"end":{"line":31,"column":174}},"51":{"start":{"line":31,"column":174},"end":{"line":31,"column":205}},"52":{"start":{"line":32,"column":12},"end":{"line":32,"column":174}},"53":{"start":{"line":33,"column":12},"end":{"line":33,"column":30}},"54":{"start":{"line":34,"column":12},"end":{"line":34,"column":52}},"55":{"start":{"line":34,"column":71},"end":{"line":34,"column":94}},"56":{"start":{"line":39,"column":2},"end":{"line":61,"column":183}},"57":{"start":{"line":53,"column":36},"end":{"line":54,"column":187}},"58":{"start":{"line":69,"column":13},"end":{"line":78,"column":29}},"59":{"start":{"line":82,"column":0},"end":{"line":82,"column":8}},"60":{"start":{"line":82,"column":9},"end":{"line":82,"column":36}}},"fnMap":{"0":{"name":"CityHome","decl":{"start":{"line":9,"column":24},"end":{"line":9,"column":32}},"loc":{"start":{"line":9,"column":40},"end":{"line":67,"column":1}},"line":9},"1":{"name":"(anonymous_1)","decl":{"start":{"line":15,"column":24},"end":{"line":15,"column":25}},"loc":{"start":{"line":15,"column":36},"end":{"line":17,"column":3}},"line":15},"2":{"name":"getDataFetch","decl":{"start":{"line":21,"column":30},"end":{"line":21,"column":42}},"loc":{"start":{"line":21,"column":45},"end":{"line":34,"column":132}},"line":21},"3":{"name":"getDataFetch$","decl":{"start":{"line":21,"column":152},"end":{"line":21,"column":165}},"loc":{"start":{"line":21,"column":176},"end":{"line":34,"column":97}},"line":21},"4":{"name":"(anonymous_4)","decl":{"start":{"line":53,"column":20},"end":{"line":53,"column":21}},"loc":{"start":{"line":53,"column":35},"end":{"line":54,"column":188}},"line":53}},"branchMap":{"0":{"loc":{"start":{"line":21,"column":188},"end":{"line":34,"column":95}},"type":"switch","locations":[{"start":{"line":21,"column":228},"end":{"line":26,"column":144}},{"start":{"line":26,"column":144},"end":{"line":27,"column":81}},{"start":{"line":27,"column":81},"end":{"line":29,"column":55}},{"start":{"line":29,"column":55},"end":{"line":31,"column":132}},{"start":{"line":31,"column":132},"end":{"line":34,"column":52}},{"start":{"line":34,"column":52},"end":{"line":34,"column":60}},{"start":{"line":34,"column":60},"end":{"line":34,"column":94}}],"line":21},"1":{"loc":{"start":{"line":41,"column":4},"end":{"line":61,"column":180}},"type":"cond-expr","locations":[{"start":{"line":42,"column":4},"end":{"line":43,"column":203}},{"start":{"line":46,"column":4},"end":{"line":61,"column":180}}],"line":41},"2":{"loc":{"start":{"line":46,"column":4},"end":{"line":61,"column":180}},"type":"cond-expr","locations":[{"start":{"line":48,"column":4},"end":{"line":54,"column":191}},{"start":{"line":61,"column":4},"end":{"line":61,"column":180}}],"line":46}},"s":{"0":1,"1":1,"2":1,"3":1,"4":1,"5":1,"6":1,"7":1,"8":1,"9":1,"10":1,"11":1,"12":1,"13":1,"14":1,"15":1,"16":1,"17":1,"18":1,"19":1,"20":1,"21":1,"22":1,"23":1,"24":1,"25":1,"26":1,"27":1,"28":1,"29":0,"30":1,"31":0,"32":0,"33":0,"34":0,"35":0,"36":0,"37":0,"38":0,"39":0,"40":0,"41":0,"42":0,"43":0,"44":0,"45":0,"46":0,"47":0,"48":0,"49":0,"50":0,"51":0,"52":0,"53":0,"54":0,"55":0,"56":1,"57":0,"58":1,"59":1,"60":1},"f":{"0":1,"1":0,"2":0,"3":0,"4":0},"b":{"0":[0,0,0,0,0,0,0],"1":[0,1],"2":[0,1]},"inputSourceMap":null,"_coverageSchema":"1a1c01bbd47fc00a2c39e90264f33305004495a9","hash":"60d113546165b78e124c9d97a5e791f741de5587"}
,"C:\\NodeProjects\\rnfront\\screens\\Search.js": {"path":"C:\\NodeProjects\\rnfront\\screens\\Search.js","statementMap":{"0":{"start":{"line":1,"column":42},"end":{"line":1,"column":97}},"1":{"start":{"line":1,"column":128},"end":{"line":1,"column":184}},"2":{"start":{"line":1,"column":185},"end":{"line":1,"column":247}},"3":{"start":{"line":1,"column":247},"end":{"line":1,"column":272}},"4":{"start":{"line":1,"column":298},"end":{"line":1,"column":373}},"5":{"start":{"line":1,"column":393},"end":{"line":1,"column":454}},"6":{"start":{"line":1,"column":477},"end":{"line":1,"column":548}},"7":{"start":{"line":1,"column":562},"end":{"line":1,"column":603}},"8":{"start":{"line":2,"column":19},"end":{"line":2,"column":42}},"9":{"start":{"line":3,"column":24},"end":{"line":3,"column":53}},"10":{"start":{"line":4,"column":13},"end":{"line":4,"column":53}},"11":{"start":{"line":5,"column":13},"end":{"line":5,"column":32}},"12":{"start":{"line":6,"column":20},"end":{"line":6,"column":96}},"13":{"start":{"line":7,"column":19},"end":{"line":7,"column":75}},"14":{"start":{"line":7,"column":88},"end":{"line":7,"column":92}},"15":{"start":{"line":7,"column":108},"end":{"line":7,"column":155}},"16":{"start":{"line":8,"column":13},"end":{"line":138,"column":1}},"17":{"start":{"line":8,"column":53},"end":{"line":8,"column":68}},"18":{"start":{"line":9,"column":2},"end":{"line":9,"column":26}},"19":{"start":{"line":9,"column":40},"end":{"line":9,"column":82}},"20":{"start":{"line":9,"column":92},"end":{"line":9,"column":105}},"21":{"start":{"line":9,"column":118},"end":{"line":9,"column":131}},"22":{"start":{"line":10,"column":2},"end":{"line":10,"column":26}},"23":{"start":{"line":10,"column":40},"end":{"line":10,"column":83}},"24":{"start":{"line":10,"column":94},"end":{"line":10,"column":107}},"25":{"start":{"line":10,"column":121},"end":{"line":10,"column":134}},"26":{"start":{"line":11,"column":2},"end":{"line":11,"column":29}},"27":{"start":{"line":11,"column":43},"end":{"line":11,"column":86}},"28":{"start":{"line":11,"column":97},"end":{"line":11,"column":110}},"29":{"start":{"line":11,"column":124},"end":{"line":11,"column":137}},"30":{"start":{"line":12,"column":2},"end":{"line":12,"column":26}},"31":{"start":{"line":12,"column":40},"end":{"line":12,"column":83}},"32":{"start":{"line":12,"column":101},"end":{"line":12,"column":114}},"33":{"start":{"line":12,"column":135},"end":{"line":12,"column":148}},"34":{"start":{"line":14,"column":2},"end":{"line":26,"column":9}},"35":{"start":{"line":16,"column":22},"end":{"line":22,"column":89}},"36":{"start":{"line":16,"column":59},"end":{"line":22,"column":88}},"37":{"start":{"line":16,"column":126},"end":{"line":22,"column":58}},"38":{"start":{"line":16,"column":137},"end":{"line":22,"column":57}},"39":{"start":{"line":16,"column":184},"end":{"line":16,"column":202}},"40":{"start":{"line":16,"column":202},"end":{"line":18,"column":57}},"41":{"start":{"line":18,"column":64},"end":{"line":18,"column":89}},"42":{"start":{"line":19,"column":14},"end":{"line":22,"column":15}},"43":{"start":{"line":20,"column":16},"end":{"line":20,"column":48}},"44":{"start":{"line":21,"column":16},"end":{"line":21,"column":70}},"45":{"start":{"line":22,"column":33},"end":{"line":22,"column":56}},"46":{"start":{"line":24,"column":4},"end":{"line":24,"column":17}},"47":{"start":{"line":25,"column":4},"end":{"line":25,"column":18}},"48":{"start":{"line":28,"column":19},"end":{"line":34,"column":88}},"49":{"start":{"line":28,"column":55},"end":{"line":34,"column":87}},"50":{"start":{"line":28,"column":122},"end":{"line":34,"column":57}},"51":{"start":{"line":28,"column":133},"end":{"line":34,"column":56}},"52":{"start":{"line":28,"column":182},"end":{"line":28,"column":201}},"53":{"start":{"line":28,"column":201},"end":{"line":30,"column":54}},"54":{"start":{"line":30,"column":61},"end":{"line":30,"column":87}},"55":{"start":{"line":31,"column":12},"end":{"line":34,"column":13}},"56":{"start":{"line":32,"column":14},"end":{"line":32,"column":54}},"57":{"start":{"line":33,"column":14},"end":{"line":33,"column":57}},"58":{"start":{"line":34,"column":31},"end":{"line":34,"column":55}},"59":{"start":{"line":38,"column":20},"end":{"line":47,"column":88}},"60":{"start":{"line":38,"column":62},"end":{"line":47,"column":87}},"61":{"start":{"line":38,"column":130},"end":{"line":47,"column":57}},"62":{"start":{"line":38,"column":141},"end":{"line":47,"column":56}},"63":{"start":{"line":39,"column":12},"end":{"line":39,"column":137}},"64":{"start":{"line":39,"column":57},"end":{"line":39,"column":134}},"65":{"start":{"line":40,"column":12},"end":{"line":40,"column":67}},"66":{"start":{"line":40,"column":67},"end":{"line":40,"column":86}},"67":{"start":{"line":40,"column":86},"end":{"line":41,"column":86}},"68":{"start":{"line":41,"column":93},"end":{"line":41,"column":112}},"69":{"start":{"line":41,"column":112},"end":{"line":42,"column":54}},"70":{"start":{"line":42,"column":61},"end":{"line":42,"column":87}},"71":{"start":{"line":43,"column":12},"end":{"line":43,"column":21}},"72":{"start":{"line":44,"column":12},"end":{"line":47,"column":13}},"73":{"start":{"line":45,"column":14},"end":{"line":45,"column":45}},"74":{"start":{"line":46,"column":14},"end":{"line":46,"column":48}},"75":{"start":{"line":47,"column":31},"end":{"line":47,"column":55}},"76":{"start":{"line":50,"column":21},"end":{"line":58,"column":88}},"77":{"start":{"line":50,"column":73},"end":{"line":58,"column":87}},"78":{"start":{"line":50,"column":142},"end":{"line":58,"column":57}},"79":{"start":{"line":50,"column":153},"end":{"line":58,"column":56}},"80":{"start":{"line":51,"column":12},"end":{"line":51,"column":29}},"81":{"start":{"line":51,"column":29},"end":{"line":51,"column":48}},"82":{"start":{"line":51,"column":48},"end":{"line":52,"column":27}},"83":{"start":{"line":52,"column":34},"end":{"line":52,"column":53}},"84":{"start":{"line":52,"column":53},"end":{"line":53,"column":135}},"85":{"start":{"line":53,"column":142},"end":{"line":53,"column":176}},"86":{"start":{"line":53,"column":176},"end":{"line":53,"column":205}},"87":{"start":{"line":55,"column":12},"end":{"line":58,"column":13}},"88":{"start":{"line":56,"column":14},"end":{"line":56,"column":31}},"89":{"start":{"line":57,"column":14},"end":{"line":57,"column":32}},"90":{"start":{"line":58,"column":31},"end":{"line":58,"column":55}},"91":{"start":{"line":61,"column":16},"end":{"line":75,"column":3}},"92":{"start":{"line":62,"column":4},"end":{"line":68,"column":305}},"93":{"start":{"line":65,"column":42},"end":{"line":68,"column":300}},"94":{"start":{"line":68,"column":154},"end":{"line":68,"column":180}},"95":{"start":{"line":77,"column":21},"end":{"line":84,"column":3}},"96":{"start":{"line":78,"column":16},"end":{"line":78,"column":64}},"97":{"start":{"line":79,"column":16},"end":{"line":79,"column":79}},"98":{"start":{"line":79,"column":55},"end":{"line":79,"column":77}},"99":{"start":{"line":80,"column":4},"end":{"line":83,"column":5}},"100":{"start":{"line":81,"column":6},"end":{"line":81,"column":29}},"101":{"start":{"line":82,"column":6},"end":{"line":82,"column":31}},"102":{"start":{"line":86,"column":24},"end":{"line":89,"column":115}},"103":{"start":{"line":86,"column":52},"end":{"line":89,"column":114}},"104":{"start":{"line":86,"column":124},"end":{"line":89,"column":84}},"105":{"start":{"line":86,"column":135},"end":{"line":89,"column":83}},"106":{"start":{"line":86,"column":184},"end":{"line":86,"column":203}},"107":{"start":{"line":86,"column":203},"end":{"line":87,"column":57}},"108":{"start":{"line":88,"column":12},"end":{"line":88,"column":34}},"109":{"start":{"line":89,"column":12},"end":{"line":89,"column":40}},"110":{"start":{"line":89,"column":58},"end":{"line":89,"column":82}},"111":{"start":{"line":92,"column":17},"end":{"line":95,"column":117}},"112":{"start":{"line":92,"column":42},"end":{"line":95,"column":116}},"113":{"start":{"line":92,"column":107},"end":{"line":95,"column":86}},"114":{"start":{"line":92,"column":118},"end":{"line":95,"column":85}},"115":{"start":{"line":93,"column":12},"end":{"line":93,"column":33}},"116":{"start":{"line":94,"column":12},"end":{"line":94,"column":65}},"117":{"start":{"line":95,"column":12},"end":{"line":95,"column":42}},"118":{"start":{"line":95,"column":60},"end":{"line":95,"column":84}},"119":{"start":{"line":99,"column":19},"end":{"line":105,"column":3}},"120":{"start":{"line":99,"column":58},"end":{"line":99,"column":68}},"121":{"start":{"line":100,"column":4},"end":{"line":102,"column":229}},"122":{"start":{"line":101,"column":124},"end":{"line":101,"column":146}},"123":{"start":{"line":108,"column":2},"end":{"line":132,"column":186}},"124":{"start":{"line":113,"column":49},"end":{"line":113,"column":72}},"125":{"start":{"line":114,"column":167},"end":{"line":114,"column":189}},"126":{"start":{"line":124,"column":151},"end":{"line":124,"column":176}},"127":{"start":{"line":132,"column":49},"end":{"line":132,"column":75}},"128":{"start":{"line":141,"column":0},"end":{"line":141,"column":6}},"129":{"start":{"line":141,"column":7},"end":{"line":141,"column":34}}},"fnMap":{"0":{"name":"Search","decl":{"start":{"line":8,"column":22},"end":{"line":8,"column":28}},"loc":{"start":{"line":8,"column":35},"end":{"line":138,"column":1}},"line":8},"1":{"name":"(anonymous_1)","decl":{"start":{"line":14,"column":24},"end":{"line":14,"column":25}},"loc":{"start":{"line":14,"column":36},"end":{"line":26,"column":3}},"line":14},"2":{"name":"hasPastCity","decl":{"start":{"line":16,"column":31},"end":{"line":16,"column":42}},"loc":{"start":{"line":16,"column":45},"end":{"line":22,"column":89}},"line":16},"3":{"name":"hasPastCity$","decl":{"start":{"line":16,"column":102},"end":{"line":16,"column":114}},"loc":{"start":{"line":16,"column":125},"end":{"line":22,"column":59}},"line":16},"4":{"name":"hasHistory","decl":{"start":{"line":28,"column":28},"end":{"line":28,"column":38}},"loc":{"start":{"line":28,"column":41},"end":{"line":34,"column":88}},"line":28},"5":{"name":"hasHistory$","decl":{"start":{"line":28,"column":98},"end":{"line":28,"column":109}},"loc":{"start":{"line":28,"column":121},"end":{"line":34,"column":58}},"line":28},"6":{"name":"saveHistory","decl":{"start":{"line":38,"column":29},"end":{"line":38,"column":40}},"loc":{"start":{"line":38,"column":43},"end":{"line":47,"column":88}},"line":38},"7":{"name":"saveHistory$","decl":{"start":{"line":38,"column":105},"end":{"line":38,"column":117}},"loc":{"start":{"line":38,"column":129},"end":{"line":47,"column":58}},"line":38},"8":{"name":"(anonymous_8)","decl":{"start":{"line":39,"column":30},"end":{"line":39,"column":31}},"loc":{"start":{"line":39,"column":56},"end":{"line":39,"column":135}},"line":39},"9":{"name":"fetchLocales","decl":{"start":{"line":50,"column":30},"end":{"line":50,"column":42}},"loc":{"start":{"line":50,"column":45},"end":{"line":58,"column":88}},"line":50},"10":{"name":"fetchLocales$","decl":{"start":{"line":50,"column":116},"end":{"line":50,"column":129}},"loc":{"start":{"line":50,"column":141},"end":{"line":58,"column":58}},"line":50},"11":{"name":"History","decl":{"start":{"line":61,"column":25},"end":{"line":61,"column":32}},"loc":{"start":{"line":61,"column":35},"end":{"line":75,"column":3}},"line":61},"12":{"name":"(anonymous_12)","decl":{"start":{"line":65,"column":25},"end":{"line":65,"column":26}},"loc":{"start":{"line":65,"column":41},"end":{"line":68,"column":301}},"line":65},"13":{"name":"onPress","decl":{"start":{"line":68,"column":143},"end":{"line":68,"column":150}},"loc":{"start":{"line":68,"column":153},"end":{"line":68,"column":181}},"line":68},"14":{"name":"removeFilter","decl":{"start":{"line":77,"column":30},"end":{"line":77,"column":42}},"loc":{"start":{"line":77,"column":54},"end":{"line":84,"column":3}},"line":77},"15":{"name":"(anonymous_15)","decl":{"start":{"line":79,"column":41},"end":{"line":79,"column":42}},"loc":{"start":{"line":79,"column":54},"end":{"line":79,"column":78}},"line":79},"16":{"name":"removeFilterAll","decl":{"start":{"line":86,"column":33},"end":{"line":86,"column":48}},"loc":{"start":{"line":86,"column":51},"end":{"line":89,"column":115}},"line":86},"17":{"name":"removeFilterAll$","decl":{"start":{"line":86,"column":95},"end":{"line":86,"column":111}},"loc":{"start":{"line":86,"column":123},"end":{"line":89,"column":85}},"line":86},"18":{"name":"goToCity","decl":{"start":{"line":92,"column":26},"end":{"line":92,"column":34}},"loc":{"start":{"line":92,"column":41},"end":{"line":95,"column":117}},"line":92},"19":{"name":"goToCity$","decl":{"start":{"line":92,"column":85},"end":{"line":92,"column":94}},"loc":{"start":{"line":92,"column":106},"end":{"line":95,"column":87}},"line":92},"20":{"name":"renderItem","decl":{"start":{"line":99,"column":28},"end":{"line":99,"column":38}},"loc":{"start":{"line":99,"column":46},"end":{"line":105,"column":3}},"line":99},"21":{"name":"onPress","decl":{"start":{"line":101,"column":113},"end":{"line":101,"column":120}},"loc":{"start":{"line":101,"column":123},"end":{"line":101,"column":147}},"line":101},"22":{"name":"onChangeText","decl":{"start":{"line":113,"column":29},"end":{"line":113,"column":41}},"loc":{"start":{"line":113,"column":48},"end":{"line":113,"column":73}},"line":113},"23":{"name":"onPress","decl":{"start":{"line":114,"column":156},"end":{"line":114,"column":163}},"loc":{"start":{"line":114,"column":166},"end":{"line":114,"column":190}},"line":114},"24":{"name":"onPress","decl":{"start":{"line":124,"column":140},"end":{"line":124,"column":147}},"loc":{"start":{"line":124,"column":150},"end":{"line":124,"column":177}},"line":124},"25":{"name":"keyExtractor","decl":{"start":{"line":132,"column":29},"end":{"line":132,"column":41}},"loc":{"start":{"line":132,"column":48},"end":{"line":132,"column":76}},"line":132}},"branchMap":{"0":{"loc":{"start":{"line":16,"column":137},"end":{"line":22,"column":57}},"type":"switch","locations":[{"start":{"line":16,"column":177},"end":{"line":18,"column":57}},{"start":{"line":18,"column":57},"end":{"line":22,"column":15}},{"start":{"line":22,"column":15},"end":{"line":22,"column":22}},{"start":{"line":22,"column":22},"end":{"line":22,"column":56}}],"line":16},"1":{"loc":{"start":{"line":19,"column":14},"end":{"line":22,"column":15}},"type":"if","locations":[{"start":{"line":19,"column":14},"end":{"line":22,"column":15}},{"start":{"line":19,"column":14},"end":{"line":22,"column":15}}],"line":19},"2":{"loc":{"start":{"line":28,"column":133},"end":{"line":34,"column":56}},"type":"switch","locations":[{"start":{"line":28,"column":175},"end":{"line":30,"column":54}},{"start":{"line":30,"column":54},"end":{"line":34,"column":13}},{"start":{"line":34,"column":13},"end":{"line":34,"column":20}},{"start":{"line":34,"column":20},"end":{"line":34,"column":55}}],"line":28},"3":{"loc":{"start":{"line":31,"column":12},"end":{"line":34,"column":13}},"type":"if","locations":[{"start":{"line":31,"column":12},"end":{"line":34,"column":13}},{"start":{"line":31,"column":12},"end":{"line":34,"column":13}}],"line":31},"4":{"loc":{"start":{"line":38,"column":141},"end":{"line":47,"column":56}},"type":"switch","locations":[{"start":{"line":38,"column":183},"end":{"line":41,"column":86}},{"start":{"line":41,"column":86},"end":{"line":42,"column":54}},{"start":{"line":42,"column":54},"end":{"line":47,"column":13}},{"start":{"line":47,"column":13},"end":{"line":47,"column":20}},{"start":{"line":47,"column":20},"end":{"line":47,"column":55}}],"line":38},"5":{"loc":{"start":{"line":44,"column":12},"end":{"line":47,"column":13}},"type":"if","locations":[{"start":{"line":44,"column":12},"end":{"line":47,"column":13}},{"start":{"line":44,"column":12},"end":{"line":47,"column":13}}],"line":44},"6":{"loc":{"start":{"line":50,"column":153},"end":{"line":58,"column":56}},"type":"switch","locations":[{"start":{"line":50,"column":195},"end":{"line":52,"column":27}},{"start":{"line":52,"column":27},"end":{"line":53,"column":135}},{"start":{"line":53,"column":135},"end":{"line":58,"column":13}},{"start":{"line":58,"column":13},"end":{"line":58,"column":20}},{"start":{"line":58,"column":20},"end":{"line":58,"column":55}}],"line":50},"7":{"loc":{"start":{"line":55,"column":12},"end":{"line":58,"column":13}},"type":"if","locations":[{"start":{"line":55,"column":12},"end":{"line":58,"column":13}},{"start":{"line":55,"column":12},"end":{"line":58,"column":13}}],"line":55},"8":{"loc":{"start":{"line":80,"column":4},"end":{"line":83,"column":5}},"type":"if","locations":[{"start":{"line":80,"column":4},"end":{"line":83,"column":5}},{"start":{"line":80,"column":4},"end":{"line":83,"column":5}}],"line":80},"9":{"loc":{"start":{"line":86,"column":135},"end":{"line":89,"column":83}},"type":"switch","locations":[{"start":{"line":86,"column":177},"end":{"line":87,"column":57}},{"start":{"line":87,"column":57},"end":{"line":89,"column":40}},{"start":{"line":89,"column":40},"end":{"line":89,"column":47}},{"start":{"line":89,"column":47},"end":{"line":89,"column":82}}],"line":86},"10":{"loc":{"start":{"line":92,"column":118},"end":{"line":95,"column":85}},"type":"switch","locations":[{"start":{"line":92,"column":160},"end":{"line":95,"column":42}},{"start":{"line":95,"column":42},"end":{"line":95,"column":49}},{"start":{"line":95,"column":49},"end":{"line":95,"column":84}}],"line":92},"11":{"loc":{"start":{"line":118,"column":4},"end":{"line":132,"column":183}},"type":"cond-expr","locations":[{"start":{"line":118,"column":14},"end":{"line":118,"column":185}},{"start":{"line":120,"column":4},"end":{"line":132,"column":183}}],"line":118}},"s":{"0":1,"1":1,"2":1,"3":1,"4":1,"5":1,"6":1,"7":1,"8":1,"9":1,"10":1,"11":1,"12":1,"13":1,"14":1,"15":1,"16":1,"17":1,"18":1,"19":1,"20":1,"21":1,"22":1,"23":1,"24":1,"25":1,"26":1,"27":1,"28":1,"29":1,"30":1,"31":1,"32":1,"33":1,"34":1,"35":0,"36":0,"37":0,"38":0,"39":0,"40":0,"41":0,"42":0,"43":0,"44":0,"45":0,"46":0,"47":0,"48":1,"49":0,"50":0,"51":0,"52":0,"53":0,"54":0,"55":0,"56":0,"57":0,"58":0,"59":1,"60":0,"61":0,"62":0,"63":0,"64":0,"65":0,"66":0,"67":0,"68":0,"69":0,"70":0,"71":0,"72":0,"73":0,"74":0,"75":0,"76":1,"77":0,"78":0,"79":0,"80":0,"81":0,"82":0,"83":0,"84":0,"85":0,"86":0,"87":0,"88":0,"89":0,"90":0,"91":1,"92":1,"93":0,"94":0,"95":1,"96":0,"97":0,"98":0,"99":0,"100":0,"101":0,"102":1,"103":0,"104":0,"105":0,"106":0,"107":0,"108":0,"109":0,"110":0,"111":1,"112":0,"113":0,"114":0,"115":0,"116":0,"117":0,"118":0,"119":1,"120":0,"121":0,"122":0,"123":1,"124":0,"125":0,"126":0,"127":0,"128":1,"129":1},"f":{"0":1,"1":0,"2":0,"3":0,"4":0,"5":0,"6":0,"7":0,"8":0,"9":0,"10":0,"11":1,"12":0,"13":0,"14":0,"15":0,"16":0,"17":0,"18":0,"19":0,"20":0,"21":0,"22":0,"23":0,"24":0,"25":0},"b":{"0":[0,0,0,0],"1":[0,0],"2":[0,0,0,0],"3":[0,0],"4":[0,0,0,0,0],"5":[0,0],"6":[0,0,0,0,0],"7":[0,0],"8":[0,0],"9":[0,0,0,0],"10":[0,0,0],"11":[0,1]},"inputSourceMap":null,"_coverageSchema":"1a1c01bbd47fc00a2c39e90264f33305004495a9","hash":"8b90f2e3e17e55c70b14db03e48d61178ecdb635"}
}
