SF:lib\app\datasource\local\implementations\local_cities_historic_datasource_imp.dart
DA:8,2
DA:9,2
DA:11,4
DA:14,2
DA:16,4
DA:19,2
DA:21,4
LF:7
LH:7
end_of_record
SF:lib\app\datasource\remote\implementations\remote_city_forecast_datasource_imp.dart
DA:9,2
DA:10,2
DA:13,8
DA:15,4
LF:4
LH:4
end_of_record
SF:lib\app\datasource\remote\implementations\remote_fetch_cities_datasource_imp.dart
DA:10,1
DA:12,1
DA:14,3
DA:16,2
LF:4
LH:4
end_of_record
SF:lib\app\datasource\local\implementations\local_city_forecast_datasource_imp.dart
DA:8,2
DA:9,2
DA:11,4
DA:15,2
DA:17,4
LF:5
LH:5
end_of_record
SF:lib\app\datasource\local\implementations\local_fetch_cities_datasource_imp.dart
DA:9,2
DA:11,2
DA:13,4
DA:14,6
DA:18,2
DA:20,4
LF:6
LH:6
end_of_record
SF:lib\app\shared\adapter\city_adapter.dart
DA:4,2
DA:5,2
DA:6,2
DA:7,2
DA:8,2
DA:9,2
DA:13,1
DA:14,1
DA:15,1
DA:16,1
DA:17,1
DA:18,1
DA:22,3
DA:23,3
DA:24,3
DA:25,3
DA:26,3
DA:27,3
LF:18
LH:18
end_of_record
SF:lib\app\local_db\implementations\local_db_cities_historic_imp.dart
DA:10,2
DA:12,2
DA:13,2
DA:15,2
DA:18,2
DA:21,2
DA:22,2
DA:24,0
DA:26,2
DA:28,6
DA:30,4
DA:33,2
DA:35,2
DA:36,2
LF:14
LH:13
end_of_record
SF:lib\app\local_db\implementations\local_db_cities_list_imp.dart
DA:9,2
DA:11,2
DA:13,2
DA:15,2
DA:19,2
DA:21,2
DA:22,4
LF:7
LH:7
end_of_record
SF:lib\app\local_db\implementations\local_db_city_forecast.dart
DA:9,2
DA:11,2
DA:12,2
DA:14,2
DA:17,2
DA:19,2
DA:20,2
DA:21,4
LF:8
LH:8
end_of_record
SF:lib\app\shared\models\city_forecast_model.dart
DA:9,2
DA:18,0
DA:19,0
DA:25,0
LF:4
LH:1
end_of_record
SF:lib\app\shared\models\city_model.dart
DA:7,2
DA:14,0
DA:15,0
LF:3
LH:1
end_of_record
SF:lib\app\repository\implementations\cities_repository_imp.dart
DA:24,1
DA:34,1
DA:39,2
DA:40,4
DA:41,1
DA:42,0
DA:43,0
DA:46,1
DA:47,0
DA:48,0
DA:55,4
DA:58,1
DA:60,2
DA:64,1
DA:66,2
DA:71,1
DA:76,2
DA:77,1
DA:78,0
DA:79,0
DA:82,2
DA:84,0
DA:85,0
DA:88,1
DA:91,1
DA:94,2
DA:98,1
DA:100,2
DA:105,1
DA:108,2
DA:110,3
DA:113,1
DA:115,2
DA:118,1
DA:120,2
LF:35
LH:27
end_of_record
SF:lib\app\shared\adapter\city_forecast_adapter.dart
DA:4,2
DA:5,2
DA:6,2
DA:7,2
DA:8,2
DA:9,2
DA:10,2
DA:11,2
DA:15,1
DA:16,1
DA:17,1
DA:18,1
DA:19,1
DA:20,1
DA:21,1
DA:22,1
DA:26,1
DA:28,1
DA:29,1
DA:30,1
DA:31,1
DA:32,1
DA:33,1
DA:34,1
LF:24
LH:24
end_of_record
SF:lib\app\shared\exception\my_exeption.dart
DA:4,0
DA:8,0
DA:12,0
LF:3
LH:0
end_of_record
