TN:
SF:utils.js
FNF:0
FNH:0
DA:1,2
LF:1
LH:1
BRF:0
BRH:0
end_of_record
TN:
SF:public\cardDiaStyle.js
FNF:0
FNH:0
DA:1,1
DA:2,1
DA:25,1
LF:3
LH:3
BRF:0
BRH:0
end_of_record
TN:
SF:public\searchStyle.js
FNF:0
FNH:0
DA:1,1
DA:3,1
DA:32,1
LF:3
LH:3
BRF:0
BRH:0
end_of_record
TN:
SF:screens\CardDia.js
FN:5,CardDia
FNF:1
FNH:0
FNDA:0,CardDia
DA:1,1
DA:2,1
DA:3,1
DA:4,1
DA:5,1
DA:6,0
DA:56,1
LF:7
LH:6
BRF:0
BRH:0
end_of_record
TN:
SF:screens\CityHome.js
FN:9,CityHome
FN:15,(anonymous_1)
FN:21,getDataFetch
FN:21,getDataFetch$
FN:53,(anonymous_4)
FNF:5
FNH:1
FNDA:1,CityHome
FNDA:0,(anonymous_1)
FNDA:0,getDataFetch
FNDA:0,getDataFetch$
FNDA:0,(anonymous_4)
DA:1,1
DA:2,1
DA:3,1
DA:4,1
DA:5,1
DA:6,1
DA:7,1
DA:9,1
DA:11,1
DA:12,1
DA:13,1
DA:15,1
DA:16,0
DA:21,1
DA:23,0
DA:26,0
DA:28,0
DA:29,0
DA:31,0
DA:32,0
DA:33,0
DA:34,0
DA:39,1
DA:53,0
DA:69,1
DA:82,1
LF:26
LH:16
BRDA:21,0,0,0
BRDA:21,0,1,0
BRDA:21,0,2,0
BRDA:21,0,3,0
BRDA:21,0,4,0
BRDA:21,0,5,0
BRDA:21,0,6,0
BRDA:41,1,0,0
BRDA:41,1,1,1
BRDA:46,2,0,0
BRDA:46,2,1,1
BRF:11
BRH:2
end_of_record
TN:
SF:screens\Search.js
FN:8,Search
FN:14,(anonymous_1)
FN:16,hasPastCity
FN:16,hasPastCity$
FN:28,hasHistory
FN:28,hasHistory$
FN:38,saveHistory
FN:38,saveHistory$
FN:39,(anonymous_8)
FN:50,fetchLocales
FN:50,fetchLocales$
FN:61,History
FN:65,(anonymous_12)
FN:68,onPress
FN:77,removeFilter
FN:79,(anonymous_15)
FN:86,removeFilterAll
FN:86,removeFilterAll$
FN:92,goToCity
FN:92,goToCity$
FN:99,renderItem
FN:101,onPress
FN:113,onChangeText
FN:114,onPress
FN:124,onPress
FN:132,keyExtractor
FNF:26
FNH:2
FNDA:1,Search
FNDA:0,(anonymous_1)
FNDA:0,hasPastCity
FNDA:0,hasPastCity$
FNDA:0,hasHistory
FNDA:0,hasHistory$
FNDA:0,saveHistory
FNDA:0,saveHistory$
FNDA:0,(anonymous_8)
FNDA:0,fetchLocales
FNDA:0,fetchLocales$
FNDA:1,History
FNDA:0,(anonymous_12)
FNDA:0,onPress
FNDA:0,removeFilter
FNDA:0,(anonymous_15)
FNDA:0,removeFilterAll
FNDA:0,removeFilterAll$
FNDA:0,goToCity
FNDA:0,goToCity$
FNDA:0,renderItem
FNDA:0,onPress
FNDA:0,onChangeText
FNDA:0,onPress
FNDA:0,onPress
FNDA:0,keyExtractor
DA:1,1
DA:2,1
DA:3,1
DA:4,1
DA:5,1
DA:6,1
DA:7,1
DA:8,1
DA:9,1
DA:10,1
DA:11,1
DA:12,1
DA:14,1
DA:16,0
DA:18,0
DA:19,0
DA:20,0
DA:21,0
DA:22,0
DA:24,0
DA:25,0
DA:28,1
DA:30,0
DA:31,0
DA:32,0
DA:33,0
DA:34,0
DA:38,1
DA:39,0
DA:40,0
DA:41,0
DA:42,0
DA:43,0
DA:44,0
DA:45,0
DA:46,0
DA:47,0
DA:50,1
DA:51,0
DA:52,0
DA:53,0
DA:55,0
DA:56,0
DA:57,0
DA:58,0
DA:61,1
DA:62,1
DA:65,0
DA:68,0
DA:77,1
DA:78,0
DA:79,0
DA:80,0
DA:81,0
DA:82,0
DA:86,1
DA:88,0
DA:89,0
DA:92,1
DA:93,0
DA:94,0
DA:95,0
DA:99,1
DA:100,0
DA:101,0
DA:108,1
DA:113,0
DA:114,0
DA:124,0
DA:132,0
DA:141,1
LF:71
LH:24
BRDA:16,0,0,0
BRDA:16,0,1,0
BRDA:16,0,2,0
BRDA:16,0,3,0
BRDA:19,1,0,0
BRDA:19,1,1,0
BRDA:28,2,0,0
BRDA:28,2,1,0
BRDA:28,2,2,0
BRDA:28,2,3,0
BRDA:31,3,0,0
BRDA:31,3,1,0
BRDA:38,4,0,0
BRDA:38,4,1,0
BRDA:38,4,2,0
BRDA:38,4,3,0
BRDA:38,4,4,0
BRDA:44,5,0,0
BRDA:44,5,1,0
BRDA:50,6,0,0
BRDA:50,6,1,0
BRDA:50,6,2,0
BRDA:50,6,3,0
BRDA:50,6,4,0
BRDA:55,7,0,0
BRDA:55,7,1,0
BRDA:80,8,0,0
BRDA:80,8,1,0
BRDA:86,9,0,0
BRDA:86,9,1,0
BRDA:86,9,2,0
BRDA:86,9,3,0
BRDA:92,10,0,0
BRDA:92,10,1,0
BRDA:92,10,2,0
BRDA:118,11,0,0
BRDA:118,11,1,1
BRF:37
BRH:1
end_of_record
